# JRE version: Java(TM) SE Runtime Environment (8.0_144-b01) (build 1.8.0_144-b01)
# Java VM: Java HotSpot(TM) 64-Bit Server VM (25.144-b01 mixed mode windows-amd64 compressed oops)
Heap:
 PSYoungGen      total 141824K, used 26689K [0x000000076ab00000, 0x000000077e000000, 0x00000007c0000000)
  eden space 131072K, 20% used [0x000000076ab00000,0x000000076c510788,0x0000000772b00000)
  from space 10752K, 0% used [0x0000000772b00000,0x0000000772b00000,0x0000000773580000)
  to   space 27136K, 0% used [0x000000077c580000,0x000000077c580000,0x000000077e000000)
 ParOldGen       total 139264K, used 31275K [0x00000006c0000000, 0x00000006c8800000, 0x000000076ab00000)
  object space 139264K, 22% used [0x00000006c0000000,0x00000006c1e8af80,0x00000006c8800000)
 Metaspace       used 27769K, capacity 28380K, committed 28672K, reserved 1075200K
  class space    used 3136K, capacity 3268K, committed 3328K, reserved 1048576K
GC Heap History (10 events):
Event: 1.930 GC heap before
{Heap before GC invocations=2 (full 0):
 PSYoungGen      total 76288K, used 75281K [0x000000076ab00000, 0x0000000770000000, 0x00000007c0000000)
  eden space 65536K, 100% used [0x000000076ab00000,0x000000076eb00000,0x000000076eb00000)
  from space 10752K, 90% used [0x000000076eb00000,0x000000076f4846f8,0x000000076f580000)
  to   space 10752K, 0% used [0x000000076f580000,0x000000076f580000,0x0000000770000000)
 ParOldGen       total 175104K, used 16K [0x00000006c0000000, 0x00000006cab00000, 0x000000076ab00000)
  object space 175104K, 0% used [0x00000006c0000000,0x00000006c0004000,0x00000006cab00000)
 Metaspace       used 12793K, capacity 13072K, committed 13184K, reserved 1060864K
  class space    used 1530K, capacity 1620K, committed 1664K, reserved 1048576K
Event: 1.949 GC heap after
Heap after GC invocations=2 (full 0):
 PSYoungGen      total 76288K, used 6924K [0x000000076ab00000, 0x0000000774000000, 0x00000007c0000000)
  eden space 65536K, 0% used [0x000000076ab00000,0x000000076ab00000,0x000000076eb00000)
  from space 10752K, 64% used [0x000000076f580000,0x000000076fc43158,0x0000000770000000)
  to   space 10752K, 0% used [0x000000076eb00000,0x000000076eb00000,0x000000076f580000)
 ParOldGen       total 175104K, used 24K [0x00000006c0000000, 0x00000006cab00000, 0x000000076ab00000)
  object space 175104K, 0% used [0x00000006c0000000,0x00000006c0006000,0x00000006cab00000)
 Metaspace       used 12793K, capacity 13072K, committed 13184K, reserved 1060864K
  class space    used 1530K, capacity 1620K, committed 1664K, reserved 1048576K
}
Event: 2.847 GC heap before
{Heap before GC invocations=3 (full 0):
 PSYoungGen      total 76288K, used 72460K [0x000000076ab00000, 0x0000000774000000, 0x00000007c0000000)
  eden space 65536K, 100% used [0x000000076ab00000,0x000000076eb00000,0x000000076eb00000)
  from space 10752K, 64% used [0x000000076f580000,0x000000076fc43158,0x0000000770000000)
  to   space 10752K, 0% used [0x000000076eb00000,0x000000076eb00000,0x000000076f580000)
 ParOldGen       total 175104K, used 24K [0x00000006c0000000, 0x00000006cab00000, 0x000000076ab00000)
  object space 175104K, 0% used [0x00000006c0000000,0x00000006c0006000,0x00000006cab00000)
 Metaspace       used 13542K, capacity 13908K, committed 13952K, reserved 1060864K
  class space    used 1598K, capacity 1662K, committed 1664K, reserved 1048576K
Event: 2.853 GC heap after
Heap after GC invocations=3 (full 0):
 PSYoungGen      total 76288K, used 9264K [0x000000076ab00000, 0x0000000774000000, 0x00000007c0000000)
  eden space 65536K, 0% used [0x000000076ab00000,0x000000076ab00000,0x000000076eb00000)
  from space 10752K, 86% used [0x000000076eb00000,0x000000076f40c030,0x000000076f580000)
  to   space 10752K, 0% used [0x0000000773580000,0x0000000773580000,0x0000000774000000)
 ParOldGen       total 175104K, used 32K [0x00000006c0000000, 0x00000006cab00000, 0x000000076ab00000)
  object space 175104K, 0% used [0x00000006c0000000,0x00000006c0008000,0x00000006cab00000)
 Metaspace       used 13542K, capacity 13908K, committed 13952K, reserved 1060864K
  class space    used 1598K, capacity 1662K, committed 1664K, reserved 1048576K
}
Event: 4.558 GC heap before
{Heap before GC invocations=4 (full 0):
 PSYoungGen      total 76288K, used 74800K [0x000000076ab00000, 0x0000000774000000, 0x00000007c0000000)
  eden space 65536K, 100% used [0x000000076ab00000,0x000000076eb00000,0x000000076eb00000)
  from space 10752K, 86% used [0x000000076eb00000,0x000000076f40c030,0x000000076f580000)
  to   space 10752K, 0% used [0x0000000773580000,0x0000000773580000,0x0000000774000000)
 ParOldGen       total 175104K, used 32K [0x00000006c0000000, 0x00000006cab00000, 0x000000076ab00000)
  object space 175104K, 0% used [0x00000006c0000000,0x00000006c0008000,0x00000006cab00000)
 Metaspace       used 19265K, capacity 19860K, committed 20096K, reserved 1067008K
  class space    used 2283K, capacity 2432K, committed 2432K, reserved 1048576K
Event: 4.575 GC heap after
Heap after GC invocations=4 (full 0):
 PSYoungGen      total 141824K, used 10751K [0x000000076ab00000, 0x0000000774000000, 0x00000007c0000000)
  eden space 131072K, 0% used [0x000000076ab00000,0x000000076ab00000,0x0000000772b00000)
  from space 10752K, 99% used [0x0000000773580000,0x0000000773fffdd0,0x0000000774000000)
  to   space 10752K, 0% used [0x0000000772b00000,0x0000000772b00000,0x0000000773580000)
 ParOldGen       total 175104K, used 7441K [0x00000006c0000000, 0x00000006cab00000, 0x000000076ab00000)
  object space 175104K, 4% used [0x00000006c0000000,0x00000006c0744628,0x00000006cab00000)
 Metaspace       used 19265K, capacity 19860K, committed 20096K, reserved 1067008K
  class space    used 2283K, capacity 2432K, committed 2432K, reserved 1048576K
}
Event: 4.893 GC heap before
{Heap before GC invocations=5 (full 0):
 PSYoungGen      total 141824K, used 53324K [0x000000076ab00000, 0x0000000774000000, 0x00000007c0000000)
  eden space 131072K, 32% used [0x000000076ab00000,0x000000076d493438,0x0000000772b00000)
  from space 10752K, 99% used [0x0000000773580000,0x0000000773fffdd0,0x0000000774000000)
  to   space 10752K, 0% used [0x0000000772b00000,0x0000000772b00000,0x0000000773580000)
 ParOldGen       total 175104K, used 7441K [0x00000006c0000000, 0x00000006cab00000, 0x000000076ab00000)
  object space 175104K, 4% used [0x00000006c0000000,0x00000006c0744628,0x00000006cab00000)
 Metaspace       used 20566K, capacity 21148K, committed 21248K, reserved 1069056K
  class space    used 2360K, capacity 2500K, committed 2560K, reserved 1048576K
Event: 4.912 GC heap after
Heap after GC invocations=5 (full 0):
 PSYoungGen      total 141824K, used 10726K [0x000000076ab00000, 0x000000077e000000, 0x00000007c0000000)
  eden space 131072K, 0% used [0x000000076ab00000,0x000000076ab00000,0x0000000772b00000)
  from space 10752K, 99% used [0x0000000772b00000,0x0000000773579860,0x0000000773580000)
  to   space 27136K, 0% used [0x000000077c580000,0x000000077c580000,0x000000077e000000)
 ParOldGen       total 175104K, used 22733K [0x00000006c0000000, 0x00000006cab00000, 0x000000076ab00000)
  object space 175104K, 12% used [0x00000006c0000000,0x00000006c1633420,0x00000006cab00000)
 Metaspace       used 20566K, capacity 21148K, committed 21248K, reserved 1069056K
  class space    used 2360K, capacity 2500K, committed 2560K, reserved 1048576K
}
Event: 4.912 GC heap before
{Heap before GC invocations=6 (full 1):
 PSYoungGen      total 141824K, used 10726K [0x000000076ab00000, 0x000000077e000000, 0x00000007c0000000)
  eden space 131072K, 0% used [0x000000076ab00000,0x000000076ab00000,0x0000000772b00000)
  from space 10752K, 99% used [0x0000000772b00000,0x0000000773579860,0x0000000773580000)
  to   space 27136K, 0% used [0x000000077c580000,0x000000077c580000,0x000000077e000000)
 ParOldGen       total 175104K, used 22733K [0x00000006c0000000, 0x00000006cab00000, 0x000000076ab00000)
  object space 175104K, 12% used [0x00000006c0000000,0x00000006c1633420,0x00000006cab00000)
 Metaspace       used 20566K, capacity 21148K, committed 21248K, reserved 1069056K
  class space    used 2360K, capacity 2500K, committed 2560K, reserved 1048576K
Event: 4.991 GC heap after
Heap after GC invocations=6 (full 1):
 PSYoungGen      total 141824K, used 0K [0x000000076ab00000, 0x000000077e000000, 0x00000007c0000000)
  eden space 131072K, 0% used [0x000000076ab00000,0x000000076ab00000,0x0000000772b00000)
  from space 10752K, 0% used [0x0000000772b00000,0x0000000772b00000,0x0000000773580000)
  to   space 27136K, 0% used [0x000000077c580000,0x000000077c580000,0x000000077e000000)
 ParOldGen       total 139264K, used 31275K [0x00000006c0000000, 0x00000006c8800000, 0x000000076ab00000)
  object space 139264K, 22% used [0x00000006c0000000,0x00000006c1e8af80,0x00000006c8800000)
 Metaspace       used 20566K, capacity 21148K, committed 21248K, reserved 1069056K
  class space    used 2360K, capacity 2500K, committed 2560K, reserved 1048576K
}

