<?xml version="1.0" encoding="UTF-8" ?>
<testsuite tests="7" failures="0" name="co.edu.uniandes.csw.monitoria.persistence.EstudiantePersistenceTest" time="0.561" errors="2" skipped="0">
  <properties>
[...]
</properties>
  <testcase classname="co.edu.uniandes.csw.monitoria.persistence.EstudiantePersistenceTest" name="testFindAll" time="0.005"/>
  <testcase classname="co.edu.uniandes.csw.monitoria.persistence.EstudiantePersistenceTest" name="testFind" time="0.495"/>
  <testcase classname="co.edu.uniandes.csw.monitoria.persistence.EstudiantePersistenceTest" name="testFindByName" time="0.002"/>
  <testcase classname="co.edu.uniandes.csw.monitoria.persistence.EstudiantePersistenceTest" name="getByNameTest" time="0.002">
    <error message="Index: 0, Size: 0" type="java.lang.IndexOutOfBoundsException">java.lang.IndexOutOfBoundsException: Index: 0, Size: 0
	at java.util.ArrayList.rangeCheck(ArrayList.java:653)
	at java.util.ArrayList.get(ArrayList.java:429)
	at co.edu.uniandes.csw.monitoria.persistence.EstudiantePersistenceTest.getByNameTest(EstudiantePersistenceTest.java:128)
	at sun.reflect.NativeMethodAccessorImpl.invoke0(Native Method)
	at sun.reflect.NativeMethodAccessorImpl.invoke(NativeMethodAccessorImpl.java:62)
	at sun.reflect.DelegatingMethodAccessorImpl.invoke(DelegatingMethodAccessorImpl.java:43)
	at java.lang.reflect.Method.invoke(Method.java:498)
	at org.junit.runners.model.FrameworkMethod$1.runReflectiveCall(FrameworkMethod.java:50)
	at org.junit.internal.runners.model.ReflectiveCallable.run(ReflectiveCallable.java:12)
	at org.junit.runners.model.FrameworkMethod.invokeExplosively(FrameworkMethod.java:47)
	at org.junit.internal.runners.statements.InvokeMethod.evaluate(InvokeMethod.java:17)
	at org.junit.internal.runners.statements.RunBefores.evaluate(RunBefores.java:26)
	at org.junit.internal.runners.statements.RunAfters.evaluate(RunAfters.java:27)
	at org.junit.runners.ParentRunner.runLeaf(ParentRunner.java:325)
	at org.junit.runners.BlockJUnit4ClassRunner.runChild(BlockJUnit4ClassRunner.java:78)
	at org.junit.runners.BlockJUnit4ClassRunner.runChild(BlockJUnit4ClassRunner.java:57)
	at org.junit.runners.ParentRunner$3.run(ParentRunner.java:290)
	at org.junit.runners.ParentRunner$1.schedule(ParentRunner.java:71)
	at org.junit.runners.ParentRunner.runChildren(ParentRunner.java:288)
	at org.junit.runners.ParentRunner.access$000(ParentRunner.java:58)
	at org.junit.runners.ParentRunner$2.evaluate(ParentRunner.java:268)
	at org.junit.internal.runners.statements.RunBefores.evaluate(RunBefores.java:26)
	at org.junit.internal.runners.statements.RunAfters.evaluate(RunAfters.java:27)
	at org.junit.runners.ParentRunner.run(ParentRunner.java:363)
	at org.apache.maven.surefire.junit4.JUnit4TestSet.execute(JUnit4TestSet.java:53)
	at org.apache.maven.surefire.junit4.JUnit4Provider.executeTestSet(JUnit4Provider.java:123)
	at org.apache.maven.surefire.junit4.JUnit4Provider.invoke(JUnit4Provider.java:104)
	at sun.reflect.NativeMethodAccessorImpl.invoke0(Native Method)
	at sun.reflect.NativeMethodAccessorImpl.invoke(NativeMethodAccessorImpl.java:62)
	at sun.reflect.DelegatingMethodAccessorImpl.invoke(DelegatingMethodAccessorImpl.java:43)
	at java.lang.reflect.Method.invoke(Method.java:498)
	at org.apache.maven.surefire.util.ReflectionUtils.invokeMethodWithArray(ReflectionUtils.java:164)
	at org.apache.maven.surefire.booter.ProviderFactory$ProviderProxy.invoke(ProviderFactory.java:110)
	at org.apache.maven.surefire.booter.SurefireStarter.invokeProvider(SurefireStarter.java:175)
	at org.apache.maven.surefire.booter.SurefireStarter.runSuitesInProcessWhenForked(SurefireStarter.java:107)
	at org.apache.maven.surefire.booter.ForkedBooter.main(ForkedBooter.java:68)
</error>
    <system-err>java.lang.NullPointerException
	at co.edu.uniandes.csw.monitoria.persistence.EstudiantePersistenceTest.setUp(EstudiantePersistenceTest.java:91)
	at sun.reflect.NativeMethodAccessorImpl.invoke0(Native Method)
	at sun.reflect.NativeMethodAccessorImpl.invoke(NativeMethodAccessorImpl.java:62)
	at sun.reflect.DelegatingMethodAccessorImpl.invoke(DelegatingMethodAccessorImpl.java:43)
	at java.lang.reflect.Method.invoke(Method.java:498)
	at org.junit.runners.model.FrameworkMethod$1.runReflectiveCall(FrameworkMethod.java:50)
	at org.junit.internal.runners.model.ReflectiveCallable.run(ReflectiveCallable.java:12)
	at org.junit.runners.model.FrameworkMethod.invokeExplosively(FrameworkMethod.java:47)
	at org.junit.internal.runners.statements.RunBefores.evaluate(RunBefores.java:24)
	at org.junit.internal.runners.statements.RunAfters.evaluate(RunAfters.java:27)
	at org.junit.runners.ParentRunner.runLeaf(ParentRunner.java:325)
	at org.junit.runners.BlockJUnit4ClassRunner.runChild(BlockJUnit4ClassRunner.java:78)
	at org.junit.runners.BlockJUnit4ClassRunner.runChild(BlockJUnit4ClassRunner.java:57)
	at org.junit.runners.ParentRunner$3.run(ParentRunner.java:290)
	at org.junit.runners.ParentRunner$1.schedule(ParentRunner.java:71)
	at org.junit.runners.ParentRunner.runChildren(ParentRunner.java:288)
	at org.junit.runners.ParentRunner.access$000(ParentRunner.java:58)
	at org.junit.runners.ParentRunner$2.evaluate(ParentRunner.java:268)
	at org.junit.internal.runners.statements.RunBefores.evaluate(RunBefores.java:26)
	at org.junit.internal.runners.statements.RunAfters.evaluate(RunAfters.java:27)
	at org.junit.runners.ParentRunner.run(ParentRunner.java:363)
	at org.apache.maven.surefire.junit4.JUnit4TestSet.execute(JUnit4TestSet.java:53)
	at org.apache.maven.surefire.junit4.JUnit4Provider.executeTestSet(JUnit4Provider.java:123)
	at org.apache.maven.surefire.junit4.JUnit4Provider.invoke(JUnit4Provider.java:104)
	at sun.reflect.NativeMethodAccessorImpl.invoke0(Native Method)
	at sun.reflect.NativeMethodAccessorImpl.invoke(NativeMethodAccessorImpl.java:62)
	at sun.reflect.DelegatingMethodAccessorImpl.invoke(DelegatingMethodAccessorImpl.java:43)
	at java.lang.reflect.Method.invoke(Method.java:498)
	at org.apache.maven.surefire.util.ReflectionUtils.invokeMethodWithArray(ReflectionUtils.java:164)
	at org.apache.maven.surefire.booter.ProviderFactory$ProviderProxy.invoke(ProviderFactory.java:110)
	at org.apache.maven.surefire.booter.SurefireStarter.invokeProvider(SurefireStarter.java:175)
	at org.apache.maven.surefire.booter.SurefireStarter.runSuitesInProcessWhenForked(SurefireStarter.java:107)
	at org.apache.maven.surefire.booter.ForkedBooter.main(ForkedBooter.java:68)
java.lang.NullPointerException
	at co.edu.uniandes.csw.monitoria.persistence.EstudiantePersistenceTest.setUp(EstudiantePersistenceTest.java:99)
	at sun.reflect.NativeMethodAccessorImpl.invoke0(Native Method)
	at sun.reflect.NativeMethodAccessorImpl.invoke(NativeMethodAccessorImpl.java:62)
	at sun.reflect.DelegatingMethodAccessorImpl.invoke(DelegatingMethodAccessorImpl.java:43)
	at java.lang.reflect.Method.invoke(Method.java:498)
	at org.junit.runners.model.FrameworkMethod$1.runReflectiveCall(FrameworkMethod.java:50)
	at org.junit.internal.runners.model.ReflectiveCallable.run(ReflectiveCallable.java:12)
	at org.junit.runners.model.FrameworkMethod.invokeExplosively(FrameworkMethod.java:47)
	at org.junit.internal.runners.statements.RunBefores.evaluate(RunBefores.java:24)
	at org.junit.internal.runners.statements.RunAfters.evaluate(RunAfters.java:27)
	at org.junit.runners.ParentRunner.runLeaf(ParentRunner.java:325)
	at org.junit.runners.BlockJUnit4ClassRunner.runChild(BlockJUnit4ClassRunner.java:78)
	at org.junit.runners.BlockJUnit4ClassRunner.runChild(BlockJUnit4ClassRunner.java:57)
	at org.junit.runners.ParentRunner$3.run(ParentRunner.java:290)
	at org.junit.runners.ParentRunner$1.schedule(ParentRunner.java:71)
	at org.junit.runners.ParentRunner.runChildren(ParentRunner.java:288)
	at org.junit.runners.ParentRunner.access$000(ParentRunner.java:58)
	at org.junit.runners.ParentRunner$2.evaluate(ParentRunner.java:268)
	at org.junit.internal.runners.statements.RunBefores.evaluate(RunBefores.java:26)
	at org.junit.internal.runners.statements.RunAfters.evaluate(RunAfters.java:27)
	at org.junit.runners.ParentRunner.run(ParentRunner.java:363)
	at org.apache.maven.surefire.junit4.JUnit4TestSet.execute(JUnit4TestSet.java:53)
	at org.apache.maven.surefire.junit4.JUnit4Provider.executeTestSet(JUnit4Provider.java:123)
	at org.apache.maven.surefire.junit4.JUnit4Provider.invoke(JUnit4Provider.java:104)
	at sun.reflect.NativeMethodAccessorImpl.invoke0(Native Method)
	at sun.reflect.NativeMethodAccessorImpl.invoke(NativeMethodAccessorImpl.java:62)
	at sun.reflect.DelegatingMethodAccessorImpl.invoke(DelegatingMethodAccessorImpl.java:43)
	at java.lang.reflect.Method.invoke(Method.java:498)
	at org.apache.maven.surefire.util.ReflectionUtils.invokeMethodWithArray(ReflectionUtils.java:164)
	at org.apache.maven.surefire.booter.ProviderFactory$ProviderProxy.invoke(ProviderFactory.java:110)
	at org.apache.maven.surefire.booter.SurefireStarter.invokeProvider(SurefireStarter.java:175)
	at org.apache.maven.surefire.booter.SurefireStarter.runSuitesInProcessWhenForked(SurefireStarter.java:107)
	at org.apache.maven.surefire.booter.ForkedBooter.main(ForkedBooter.java:68)
</system-err>
  </testcase>
  <testcase classname="co.edu.uniandes.csw.monitoria.persistence.EstudiantePersistenceTest" name="testCreate" time="0.004">
    <error type="java.lang.NullPointerException">java.lang.NullPointerException
	at co.edu.uniandes.csw.monitoria.persistence.EstudiantePersistenceTest.testCreate(EstudiantePersistenceTest.java:117)
	at sun.reflect.NativeMethodAccessorImpl.invoke0(Native Method)
	at sun.reflect.NativeMethodAccessorImpl.invoke(NativeMethodAccessorImpl.java:62)
	at sun.reflect.DelegatingMethodAccessorImpl.invoke(DelegatingMethodAccessorImpl.java:43)
	at java.lang.reflect.Method.invoke(Method.java:498)
	at org.junit.runners.model.FrameworkMethod$1.runReflectiveCall(FrameworkMethod.java:50)
	at org.junit.internal.runners.model.ReflectiveCallable.run(ReflectiveCallable.java:12)
	at org.junit.runners.model.FrameworkMethod.invokeExplosively(FrameworkMethod.java:47)
	at org.junit.internal.runners.statements.InvokeMethod.evaluate(InvokeMethod.java:17)
	at org.junit.internal.runners.statements.RunBefores.evaluate(RunBefores.java:26)
	at org.junit.internal.runners.statements.RunAfters.evaluate(RunAfters.java:27)
	at org.junit.runners.ParentRunner.runLeaf(ParentRunner.java:325)
	at org.junit.runners.BlockJUnit4ClassRunner.runChild(BlockJUnit4ClassRunner.java:78)
	at org.junit.runners.BlockJUnit4ClassRunner.runChild(BlockJUnit4ClassRunner.java:57)
	at org.junit.runners.ParentRunner$3.run(ParentRunner.java:290)
	at org.junit.runners.ParentRunner$1.schedule(ParentRunner.java:71)
	at org.junit.runners.ParentRunner.runChildren(ParentRunner.java:288)
	at org.junit.runners.ParentRunner.access$000(ParentRunner.java:58)
	at org.junit.runners.ParentRunner$2.evaluate(ParentRunner.java:268)
	at org.junit.internal.runners.statements.RunBefores.evaluate(RunBefores.java:26)
	at org.junit.internal.runners.statements.RunAfters.evaluate(RunAfters.java:27)
	at org.junit.runners.ParentRunner.run(ParentRunner.java:363)
	at org.apache.maven.surefire.junit4.JUnit4TestSet.execute(JUnit4TestSet.java:53)
	at org.apache.maven.surefire.junit4.JUnit4Provider.executeTestSet(JUnit4Provider.java:123)
	at org.apache.maven.surefire.junit4.JUnit4Provider.invoke(JUnit4Provider.java:104)
	at sun.reflect.NativeMethodAccessorImpl.invoke0(Native Method)
	at sun.reflect.NativeMethodAccessorImpl.invoke(NativeMethodAccessorImpl.java:62)
	at sun.reflect.DelegatingMethodAccessorImpl.invoke(DelegatingMethodAccessorImpl.java:43)
	at java.lang.reflect.Method.invoke(Method.java:498)
	at org.apache.maven.surefire.util.ReflectionUtils.invokeMethodWithArray(ReflectionUtils.java:164)
	at org.apache.maven.surefire.booter.ProviderFactory$ProviderProxy.invoke(ProviderFactory.java:110)
	at org.apache.maven.surefire.booter.SurefireStarter.invokeProvider(SurefireStarter.java:175)
	at org.apache.maven.surefire.booter.SurefireStarter.runSuitesInProcessWhenForked(SurefireStarter.java:107)
	at org.apache.maven.surefire.booter.ForkedBooter.main(ForkedBooter.java:68)
</error>
    <system-err>java.lang.NullPointerException
	at co.edu.uniandes.csw.monitoria.persistence.EstudiantePersistenceTest.setUp(EstudiantePersistenceTest.java:91)
	at sun.reflect.NativeMethodAccessorImpl.invoke0(Native Method)
	at sun.reflect.NativeMethodAccessorImpl.invoke(NativeMethodAccessorImpl.java:62)
	at sun.reflect.DelegatingMethodAccessorImpl.invoke(DelegatingMethodAccessorImpl.java:43)
	at java.lang.reflect.Method.invoke(Method.java:498)
	at org.junit.runners.model.FrameworkMethod$1.runReflectiveCall(FrameworkMethod.java:50)
	at org.junit.internal.runners.model.ReflectiveCallable.run(ReflectiveCallable.java:12)
	at org.junit.runners.model.FrameworkMethod.invokeExplosively(FrameworkMethod.java:47)
	at org.junit.internal.runners.statements.RunBefores.evaluate(RunBefores.java:24)
	at org.junit.internal.runners.statements.RunAfters.evaluate(RunAfters.java:27)
	at org.junit.runners.ParentRunner.runLeaf(ParentRunner.java:325)
	at org.junit.runners.BlockJUnit4ClassRunner.runChild(BlockJUnit4ClassRunner.java:78)
	at org.junit.runners.BlockJUnit4ClassRunner.runChild(BlockJUnit4ClassRunner.java:57)
	at org.junit.runners.ParentRunner$3.run(ParentRunner.java:290)
	at org.junit.runners.ParentRunner$1.schedule(ParentRunner.java:71)
	at org.junit.runners.ParentRunner.runChildren(ParentRunner.java:288)
	at org.junit.runners.ParentRunner.access$000(ParentRunner.java:58)
	at org.junit.runners.ParentRunner$2.evaluate(ParentRunner.java:268)
	at org.junit.internal.runners.statements.RunBefores.evaluate(RunBefores.java:26)
	at org.junit.internal.runners.statements.RunAfters.evaluate(RunAfters.java:27)
	at org.junit.runners.ParentRunner.run(ParentRunner.java:363)
	at org.apache.maven.surefire.junit4.JUnit4TestSet.execute(JUnit4TestSet.java:53)
	at org.apache.maven.surefire.junit4.JUnit4Provider.executeTestSet(JUnit4Provider.java:123)
	at org.apache.maven.surefire.junit4.JUnit4Provider.invoke(JUnit4Provider.java:104)
	at sun.reflect.NativeMethodAccessorImpl.invoke0(Native Method)
	at sun.reflect.NativeMethodAccessorImpl.invoke(NativeMethodAccessorImpl.java:62)
	at sun.reflect.DelegatingMethodAccessorImpl.invoke(DelegatingMethodAccessorImpl.java:43)
	at java.lang.reflect.Method.invoke(Method.java:498)
	at org.apache.maven.surefire.util.ReflectionUtils.invokeMethodWithArray(ReflectionUtils.java:164)
	at org.apache.maven.surefire.booter.ProviderFactory$ProviderProxy.invoke(ProviderFactory.java:110)
	at org.apache.maven.surefire.booter.SurefireStarter.invokeProvider(SurefireStarter.java:175)
	at org.apache.maven.surefire.booter.SurefireStarter.runSuitesInProcessWhenForked(SurefireStarter.java:107)
	at org.apache.maven.surefire.booter.ForkedBooter.main(ForkedBooter.java:68)
java.lang.NullPointerException
	at co.edu.uniandes.csw.monitoria.persistence.EstudiantePersistenceTest.setUp(EstudiantePersistenceTest.java:99)
	at sun.reflect.NativeMethodAccessorImpl.invoke0(Native Method)
	at sun.reflect.NativeMethodAccessorImpl.invoke(NativeMethodAccessorImpl.java:62)
	at sun.reflect.DelegatingMethodAccessorImpl.invoke(DelegatingMethodAccessorImpl.java:43)
	at java.lang.reflect.Method.invoke(Method.java:498)
	at org.junit.runners.model.FrameworkMethod$1.runReflectiveCall(FrameworkMethod.java:50)
	at org.junit.internal.runners.model.ReflectiveCallable.run(ReflectiveCallable.java:12)
	at org.junit.runners.model.FrameworkMethod.invokeExplosively(FrameworkMethod.java:47)
	at org.junit.internal.runners.statements.RunBefores.evaluate(RunBefores.java:24)
	at org.junit.internal.runners.statements.RunAfters.evaluate(RunAfters.java:27)
	at org.junit.runners.ParentRunner.runLeaf(ParentRunner.java:325)
	at org.junit.runners.BlockJUnit4ClassRunner.runChild(BlockJUnit4ClassRunner.java:78)
	at org.junit.runners.BlockJUnit4ClassRunner.runChild(BlockJUnit4ClassRunner.java:57)
	at org.junit.runners.ParentRunner$3.run(ParentRunner.java:290)
	at org.junit.runners.ParentRunner$1.schedule(ParentRunner.java:71)
	at org.junit.runners.ParentRunner.runChildren(ParentRunner.java:288)
	at org.junit.runners.ParentRunner.access$000(ParentRunner.java:58)
	at org.junit.runners.ParentRunner$2.evaluate(ParentRunner.java:268)
	at org.junit.internal.runners.statements.RunBefores.evaluate(RunBefores.java:26)
	at org.junit.internal.runners.statements.RunAfters.evaluate(RunAfters.java:27)
	at org.junit.runners.ParentRunner.run(ParentRunner.java:363)
	at org.apache.maven.surefire.junit4.JUnit4TestSet.execute(JUnit4TestSet.java:53)
	at org.apache.maven.surefire.junit4.JUnit4Provider.executeTestSet(JUnit4Provider.java:123)
	at org.apache.maven.surefire.junit4.JUnit4Provider.invoke(JUnit4Provider.java:104)
	at sun.reflect.NativeMethodAccessorImpl.invoke0(Native Method)
	at sun.reflect.NativeMethodAccessorImpl.invoke(NativeMethodAccessorImpl.java:62)
	at sun.reflect.DelegatingMethodAccessorImpl.invoke(DelegatingMethodAccessorImpl.java:43)
	at java.lang.reflect.Method.invoke(Method.java:498)
	at org.apache.maven.surefire.util.ReflectionUtils.invokeMethodWithArray(ReflectionUtils.java:164)
	at org.apache.maven.surefire.booter.ProviderFactory$ProviderProxy.invoke(ProviderFactory.java:110)
	at org.apache.maven.surefire.booter.SurefireStarter.invokeProvider(SurefireStarter.java:175)
	at org.apache.maven.surefire.booter.SurefireStarter.runSuitesInProcessWhenForked(SurefireStarter.java:107)
	at org.apache.maven.surefire.booter.ForkedBooter.main(ForkedBooter.java:68)
SLF4J: Failed to load class &quot;org.slf4j.impl.StaticLoggerBinder&quot;.
SLF4J: Defaulting to no-operation (NOP) logger implementation
SLF4J: See http://www.slf4j.org/codes.html#StaticLoggerBinder for further details.
sep 11, 2017 9:44:27 PM org.springframework.context.support.ClassPathXmlApplicationContext prepareRefresh
INFORMACIÓN: Refreshing org.springframework.context.support.ClassPathXmlApplicationContext@2b98378d: startup date [Mon Sep 11 21:44:27 COT 2017]; root of context hierarchy
sep 11, 2017 9:44:27 PM org.springframework.beans.factory.xml.XmlBeanDefinitionReader loadBeanDefinitions
INFORMACIÓN: Loading XML bean definitions from class path resource [META-INF/spring/podam-config.xml]
sep 11, 2017 9:44:27 PM org.springframework.beans.factory.xml.XmlBeanDefinitionReader loadBeanDefinitions
INFORMACIÓN: Loading XML bean definitions from class path resource [META-INF/spring/podam-integration-config.xml]
sep 11, 2017 9:44:27 PM org.springframework.beans.factory.config.PropertiesFactoryBean loadProperties
INFORMACIÓN: Loading properties file from URL [jar:file:/C:/Users/Cristian/.m2/repository/org/springframework/integration/spring-integration-core/4.1.3.RELEASE/spring-integration-core-4.1.3.RELEASE.jar!/META-INF/spring.integration.default.properties]
sep 11, 2017 9:44:27 PM org.springframework.integration.config.IntegrationRegistrar registerHeaderChannelRegistry
INFORMACIÓN: No bean named &apos;integrationHeaderChannelRegistry&apos; has been explicitly defined. Therefore, a default DefaultHeaderChannelRegistry will be created.
sep 11, 2017 9:44:27 PM org.springframework.integration.config.DefaultConfiguringBeanFactoryPostProcessor registerErrorChannel
INFORMACIÓN: No bean named &apos;errorChannel&apos; has been explicitly defined. Therefore, a default PublishSubscribeChannel will be created.
sep 11, 2017 9:44:27 PM org.springframework.integration.config.DefaultConfiguringBeanFactoryPostProcessor registerTaskScheduler
INFORMACIÓN: No bean named &apos;taskScheduler&apos; has been explicitly defined. Therefore, a default ThreadPoolTaskScheduler will be created.
sep 11, 2017 9:44:27 PM org.springframework.beans.factory.config.PropertiesFactoryBean loadProperties
INFORMACIÓN: Loading properties file from URL [jar:file:/C:/Users/Cristian/.m2/repository/org/springframework/integration/spring-integration-core/4.1.3.RELEASE/spring-integration-core-4.1.3.RELEASE.jar!/META-INF/spring.integration.default.properties]
sep 11, 2017 9:44:27 PM org.springframework.scheduling.concurrent.ThreadPoolTaskScheduler initialize
INFORMACIÓN: Initializing ExecutorService  &apos;taskScheduler&apos;
sep 11, 2017 9:44:27 PM org.springframework.context.support.DefaultLifecycleProcessor start
INFORMACIÓN: Starting beans in phase -2147483648
sep 11, 2017 9:44:27 PM org.springframework.context.support.DefaultLifecycleProcessor start
INFORMACIÓN: Starting beans in phase 0
sep 11, 2017 9:44:27 PM org.springframework.integration.endpoint.EventDrivenConsumer logComponentSubscriptionEvent
INFORMACIÓN: Adding {router} as a subscriber to the &apos;podamInputChannel&apos; channel
sep 11, 2017 9:44:27 PM org.springframework.integration.channel.DirectChannel adjustCounterIfNecessary
INFORMACIÓN: Channel &apos;org.springframework.context.support.ClassPathXmlApplicationContext@2b98378d.podamInputChannel&apos; has 1 subscriber(s).
sep 11, 2017 9:44:27 PM org.springframework.integration.endpoint.EventDrivenConsumer start
INFORMACIÓN: started org.springframework.integration.config.ConsumerEndpointFactoryBean#0
sep 11, 2017 9:44:27 PM org.springframework.integration.endpoint.EventDrivenConsumer logComponentSubscriptionEvent
INFORMACIÓN: Adding {service-activator} as a subscriber to the &apos;booleanChannel&apos; channel
sep 11, 2017 9:44:27 PM org.springframework.integration.channel.DirectChannel adjustCounterIfNecessary
INFORMACIÓN: Channel &apos;org.springframework.context.support.ClassPathXmlApplicationContext@2b98378d.booleanChannel&apos; has 1 subscriber(s).
sep 11, 2017 9:44:27 PM org.springframework.integration.endpoint.EventDrivenConsumer start
INFORMACIÓN: started org.springframework.integration.config.ConsumerEndpointFactoryBean#1
sep 11, 2017 9:44:27 PM org.springframework.integration.endpoint.EventDrivenConsumer logComponentSubscriptionEvent
INFORMACIÓN: Adding {service-activator} as a subscriber to the &apos;byteChannel&apos; channel
sep 11, 2017 9:44:27 PM org.springframework.integration.channel.DirectChannel adjustCounterIfNecessary
INFORMACIÓN: Channel &apos;org.springframework.context.support.ClassPathXmlApplicationContext@2b98378d.byteChannel&apos; has 1 subscriber(s).
sep 11, 2017 9:44:27 PM org.springframework.integration.endpoint.EventDrivenConsumer start
INFORMACIÓN: started org.springframework.integration.config.ConsumerEndpointFactoryBean#2
sep 11, 2017 9:44:27 PM org.springframework.integration.endpoint.EventDrivenConsumer logComponentSubscriptionEvent
INFORMACIÓN: Adding {service-activator} as a subscriber to the &apos;charChannel&apos; channel
sep 11, 2017 9:44:27 PM org.springframework.integration.channel.DirectChannel adjustCounterIfNecessary
INFORMACIÓN: Channel &apos;org.springframework.context.support.ClassPathXmlApplicationContext@2b98378d.charChannel&apos; has 1 subscriber(s).
sep 11, 2017 9:44:27 PM org.springframework.integration.endpoint.EventDrivenConsumer start
INFORMACIÓN: started org.springframework.integration.config.ConsumerEndpointFactoryBean#3
sep 11, 2017 9:44:27 PM org.springframework.integration.endpoint.EventDrivenConsumer logComponentSubscriptionEvent
INFORMACIÓN: Adding {service-activator} as a subscriber to the &apos;shortChannel&apos; channel
sep 11, 2017 9:44:27 PM org.springframework.integration.channel.DirectChannel adjustCounterIfNecessary
INFORMACIÓN: Channel &apos;org.springframework.context.support.ClassPathXmlApplicationContext@2b98378d.shortChannel&apos; has 1 subscriber(s).
sep 11, 2017 9:44:27 PM org.springframework.integration.endpoint.EventDrivenConsumer start
INFORMACIÓN: started org.springframework.integration.config.ConsumerEndpointFactoryBean#4
sep 11, 2017 9:44:27 PM org.springframework.integration.endpoint.EventDrivenConsumer logComponentSubscriptionEvent
INFORMACIÓN: Adding {service-activator} as a subscriber to the &apos;intChannel&apos; channel
sep 11, 2017 9:44:27 PM org.springframework.integration.channel.DirectChannel adjustCounterIfNecessary
INFORMACIÓN: Channel &apos;org.springframework.context.support.ClassPathXmlApplicationContext@2b98378d.intChannel&apos; has 1 subscriber(s).
sep 11, 2017 9:44:27 PM org.springframework.integration.endpoint.EventDrivenConsumer start
INFORMACIÓN: started org.springframework.integration.config.ConsumerEndpointFactoryBean#5
sep 11, 2017 9:44:27 PM org.springframework.integration.endpoint.EventDrivenConsumer logComponentSubscriptionEvent
INFORMACIÓN: Adding {service-activator} as a subscriber to the &apos;longChannel&apos; channel
sep 11, 2017 9:44:27 PM org.springframework.integration.channel.DirectChannel adjustCounterIfNecessary
INFORMACIÓN: Channel &apos;org.springframework.context.support.ClassPathXmlApplicationContext@2b98378d.longChannel&apos; has 1 subscriber(s).
sep 11, 2017 9:44:27 PM org.springframework.integration.endpoint.EventDrivenConsumer start
INFORMACIÓN: started org.springframework.integration.config.ConsumerEndpointFactoryBean#6
sep 11, 2017 9:44:27 PM org.springframework.integration.endpoint.EventDrivenConsumer logComponentSubscriptionEvent
INFORMACIÓN: Adding {service-activator} as a subscriber to the &apos;floatChannel&apos; channel
sep 11, 2017 9:44:27 PM org.springframework.integration.channel.DirectChannel adjustCounterIfNecessary
INFORMACIÓN: Channel &apos;org.springframework.context.support.ClassPathXmlApplicationContext@2b98378d.floatChannel&apos; has 1 subscriber(s).
sep 11, 2017 9:44:27 PM org.springframework.integration.endpoint.EventDrivenConsumer start
INFORMACIÓN: started org.springframework.integration.config.ConsumerEndpointFactoryBean#7
sep 11, 2017 9:44:27 PM org.springframework.integration.endpoint.EventDrivenConsumer logComponentSubscriptionEvent
INFORMACIÓN: Adding {service-activator} as a subscriber to the &apos;doubleChannel&apos; channel
sep 11, 2017 9:44:27 PM org.springframework.integration.channel.DirectChannel adjustCounterIfNecessary
INFORMACIÓN: Channel &apos;org.springframework.context.support.ClassPathXmlApplicationContext@2b98378d.doubleChannel&apos; has 1 subscriber(s).
sep 11, 2017 9:44:27 PM org.springframework.integration.endpoint.EventDrivenConsumer start
INFORMACIÓN: started org.springframework.integration.config.ConsumerEndpointFactoryBean#8
sep 11, 2017 9:44:27 PM org.springframework.integration.endpoint.EventDrivenConsumer logComponentSubscriptionEvent
INFORMACIÓN: Adding {service-activator} as a subscriber to the &apos;stringChannel&apos; channel
sep 11, 2017 9:44:27 PM org.springframework.integration.channel.DirectChannel adjustCounterIfNecessary
INFORMACIÓN: Channel &apos;org.springframework.context.support.ClassPathXmlApplicationContext@2b98378d.stringChannel&apos; has 1 subscriber(s).
sep 11, 2017 9:44:27 PM org.springframework.integration.endpoint.EventDrivenConsumer start
INFORMACIÓN: started org.springframework.integration.config.ConsumerEndpointFactoryBean#9
sep 11, 2017 9:44:27 PM org.springframework.integration.endpoint.EventDrivenConsumer logComponentSubscriptionEvent
INFORMACIÓN: Adding {service-activator} as a subscriber to the &apos;enumChannel&apos; channel
sep 11, 2017 9:44:27 PM org.springframework.integration.channel.DirectChannel adjustCounterIfNecessary
INFORMACIÓN: Channel &apos;org.springframework.context.support.ClassPathXmlApplicationContext@2b98378d.enumChannel&apos; has 1 subscriber(s).
sep 11, 2017 9:44:27 PM org.springframework.integration.endpoint.EventDrivenConsumer start
INFORMACIÓN: started org.springframework.integration.config.ConsumerEndpointFactoryBean#10
sep 11, 2017 9:44:27 PM org.springframework.integration.endpoint.EventDrivenConsumer logComponentSubscriptionEvent
INFORMACIÓN: Adding {service-activator} as a subscriber to the &apos;genericTypeChannel&apos; channel
sep 11, 2017 9:44:27 PM org.springframework.integration.channel.DirectChannel adjustCounterIfNecessary
INFORMACIÓN: Channel &apos;org.springframework.context.support.ClassPathXmlApplicationContext@2b98378d.genericTypeChannel&apos; has 1 subscriber(s).
sep 11, 2017 9:44:27 PM org.springframework.integration.endpoint.EventDrivenConsumer start
INFORMACIÓN: started org.springframework.integration.config.ConsumerEndpointFactoryBean#11
sep 11, 2017 9:44:27 PM org.springframework.integration.endpoint.EventDrivenConsumer logComponentSubscriptionEvent
INFORMACIÓN: Adding {logging-channel-adapter:_org.springframework.integration.errorLogger} as a subscriber to the &apos;errorChannel&apos; channel
sep 11, 2017 9:44:27 PM org.springframework.integration.channel.PublishSubscribeChannel adjustCounterIfNecessary
INFORMACIÓN: Channel &apos;org.springframework.context.support.ClassPathXmlApplicationContext@2b98378d.errorChannel&apos; has 1 subscriber(s).
sep 11, 2017 9:44:27 PM org.springframework.integration.endpoint.EventDrivenConsumer start
INFORMACIÓN: started _org.springframework.integration.errorLogger
</system-err>
  </testcase>
  <testcase classname="co.edu.uniandes.csw.monitoria.persistence.EstudiantePersistenceTest" name="testDelete" time="0"/>
  <testcase classname="co.edu.uniandes.csw.monitoria.persistence.EstudiantePersistenceTest" name="testUpdate" time="0.001"/>
</testsuite>